<?xml version="1.0" encoding="UTF-8"?>
<TestRun id="e3be57c2-50a8-46a9-9b18-8501d0ec2524" name="henri@HENRI-PC 2011-09-11 14:38:08" runUser="henri-PC\henri" xmlns="http://microsoft.com/schemas/VisualStudio/TeamTest/2010">
  <TestSettings name="Local" id="ee264f6e-f394-4bfe-ab1f-e6bcb46f86ba">
    <Description>These are default test settings for a local test run.</Description>
    <Deployment enabled="false" runDeploymentRoot="henri_HENRI-PC 2011-09-11 14_38_08">
      <DeploymentItem filename="C:\P R O J E T O S\invertedor.com.br\invertedor.com.br\invertedor.com.br\bin\invertedor.com.br.dll" />
    </Deployment>
    <Execution>
      <TestTypeSpecific />
      <AgentRule name="Execution Agents">
      </AgentRule>
    </Execution>
  </TestSettings>
  <Times creation="2011-09-11T14:38:08.0801095-03:00" queuing="2011-09-11T14:38:11.0872815-03:00" start="2011-09-11T14:38:11.6403131-03:00" finish="2011-09-11T14:38:57.7579509-03:00" />
  <ResultSummary outcome="Completed">
    <Counters total="1" executed="1" passed="1" error="0" failed="0" timeout="0" aborted="0" inconclusive="0" passedButRunAborted="0" notRunnable="0" notExecuted="0" disconnected="0" warning="0" completed="0" inProgress="0" pending="0" />
  </ResultSummary>
  <TestDefinitions>
    <UnitTest name="TestarMeioInvertido" storage="c:\p r o j e t o s\invertedor.com.br\invertedor.com.br\testesunitarios\bin\debug\testesunitarios.dll" id="b8969a91-c360-ae7e-673a-fbd6943cb852">
      <Execution id="1270428b-0acb-4054-bf3b-0d7f44e9a1bb" />
      <TestMethod codeBase="C:/P R O J E T O S/invertedor.com.br/invertedor.com.br/TestesUnitarios/bin/Debug/TestesUnitarios.DLL" adapterTypeName="Microsoft.VisualStudio.TestTools.TestTypes.Unit.UnitTestAdapter, Microsoft.VisualStudio.QualityTools.Tips.UnitTest.Adapter, Version=10.0.0.0, Culture=neutral, PublicKeyToken=b03f5f7f11d50a3a" className="TestesUnitarios.TestarMetodosDeDescriptografia, TestesUnitarios, Version=1.0.0.0, Culture=neutral, PublicKeyToken=null" name="TestarMeioInvertido" />
    </UnitTest>
  </TestDefinitions>
  <TestLists>
    <TestList name="Results Not in a List" id="8c84fa94-04c1-424b-9868-57a2d4851a1d" />
    <TestList name="All Loaded Results" id="19431567-8539-422a-85d7-44ee4e166bda" />
  </TestLists>
  <TestEntries>
    <TestEntry testId="b8969a91-c360-ae7e-673a-fbd6943cb852" executionId="1270428b-0acb-4054-bf3b-0d7f44e9a1bb" testListId="8c84fa94-04c1-424b-9868-57a2d4851a1d" />
  </TestEntries>
  <Results>
    <UnitTestResult executionId="1270428b-0acb-4054-bf3b-0d7f44e9a1bb" testId="b8969a91-c360-ae7e-673a-fbd6943cb852" testName="TestarMeioInvertido" computerName="HENRI-PC" duration="00:00:43.5209675" startTime="2011-09-11T14:38:12.0033339-03:00" endTime="2011-09-11T14:38:57.5749404-03:00" testType="13cdc9d9-ddb5-4fa4-a97d-d965ccfc6d4b" outcome="Passed" testListId="8c84fa94-04c1-424b-9868-57a2d4851a1d" relativeResultsDirectory="1270428b-0acb-4054-bf3b-0d7f44e9a1bb">
    </UnitTestResult>
  </Results>
</TestRun>