<?xml version="1.0" encoding="UTF-8"?>
<TestRun id="4f95c52d-197d-4672-8912-cbfdcbe82f44" name="henri@HENRI-PC 2011-09-11 14:39:58" runUser="henri-PC\henri" xmlns="http://microsoft.com/schemas/VisualStudio/TeamTest/2010">
  <TestSettings name="Local" id="ee264f6e-f394-4bfe-ab1f-e6bcb46f86ba">
    <Description>These are default test settings for a local test run.</Description>
    <Deployment enabled="false" runDeploymentRoot="henri_HENRI-PC 2011-09-11 14_39_58">
      <DeploymentItem filename="C:\P R O J E T O S\invertedor.com.br\invertedor.com.br\invertedor.com.br\bin\invertedor.com.br.dll" />
    </Deployment>
    <Execution>
      <TestTypeSpecific />
      <AgentRule name="Execution Agents">
      </AgentRule>
    </Execution>
  </TestSettings>
  <Times creation="2011-09-11T14:39:58.9634517-03:00" queuing="2011-09-11T14:39:59.5224836-03:00" start="2011-09-11T14:39:59.8305013-03:00" finish="2011-09-11T14:40:00.9695664-03:00" />
  <ResultSummary outcome="Failed">
    <Counters total="6" executed="6" passed="5" error="0" failed="1" timeout="0" aborted="0" inconclusive="0" passedButRunAborted="0" notRunnable="0" notExecuted="0" disconnected="0" warning="0" completed="0" inProgress="0" pending="0" />
  </ResultSummary>
  <TestDefinitions>
    <UnitTest name="TestarParImparInvertido" storage="c:\p r o j e t o s\invertedor.com.br\invertedor.com.br\testesunitarios\bin\debug\testesunitarios.dll" id="572c31f2-b4ae-52e7-e468-b7d27e31da3e">
      <Execution id="13d9c020-970d-43c7-9de3-441090920a1e" />
      <TestMethod codeBase="C:/P R O J E T O S/invertedor.com.br/invertedor.com.br/TestesUnitarios/bin/Debug/TestesUnitarios.DLL" adapterTypeName="Microsoft.VisualStudio.TestTools.TestTypes.Unit.UnitTestAdapter, Microsoft.VisualStudio.QualityTools.Tips.UnitTest.Adapter, Version=10.0.0.0, Culture=neutral, PublicKeyToken=b03f5f7f11d50a3a" className="TestesUnitarios.TestarMetodosDeDescriptografia, TestesUnitarios, Version=1.0.0.0, Culture=neutral, PublicKeyToken=null" name="TestarParImparInvertido" />
    </UnitTest>
    <UnitTest name="TestarMeioInvertido" storage="c:\p r o j e t o s\invertedor.com.br\invertedor.com.br\testesunitarios\bin\debug\testesunitarios.dll" id="b8969a91-c360-ae7e-673a-fbd6943cb852">
      <Execution id="fdc4325c-b735-43ac-85bd-066f96763710" />
      <TestMethod codeBase="C:/P R O J E T O S/invertedor.com.br/invertedor.com.br/TestesUnitarios/bin/Debug/TestesUnitarios.DLL" adapterTypeName="Microsoft.VisualStudio.TestTools.TestTypes.Unit.UnitTestAdapter, Microsoft.VisualStudio.QualityTools.Tips.UnitTest.Adapter, Version=10.0.0.0, Culture=neutral, PublicKeyToken=b03f5f7f11d50a3a" className="TestesUnitarios.TestarMetodosDeDescriptografia, TestesUnitarios, Version=1.0.0.0, Culture=neutral, PublicKeyToken=null" name="TestarMeioInvertido" />
    </UnitTest>
    <UnitTest name="TestarHexa" storage="c:\p r o j e t o s\invertedor.com.br\invertedor.com.br\testesunitarios\bin\debug\testesunitarios.dll" id="1b3374db-294c-b5f8-e364-7ef1b035e7ba">
      <Execution id="cc723af0-5d36-4171-ab8c-8320043eae3e" />
      <TestMethod codeBase="C:/P R O J E T O S/invertedor.com.br/invertedor.com.br/TestesUnitarios/bin/Debug/TestesUnitarios.DLL" adapterTypeName="Microsoft.VisualStudio.TestTools.TestTypes.Unit.UnitTestAdapter, Microsoft.VisualStudio.QualityTools.Tips.UnitTest.Adapter, Version=10.0.0.0, Culture=neutral, PublicKeyToken=b03f5f7f11d50a3a" className="TestesUnitarios.TestarMetodosDeDescriptografia, TestesUnitarios, Version=1.0.0.0, Culture=neutral, PublicKeyToken=null" name="TestarHexa" />
    </UnitTest>
    <UnitTest name="TestarBase64" storage="c:\p r o j e t o s\invertedor.com.br\invertedor.com.br\testesunitarios\bin\debug\testesunitarios.dll" id="5a97860a-7eb3-7ea3-504e-39630befbc52">
      <Execution id="96df7123-0c86-42c3-b09a-b4c75656b4ff" />
      <TestMethod codeBase="C:/P R O J E T O S/invertedor.com.br/invertedor.com.br/TestesUnitarios/bin/Debug/TestesUnitarios.DLL" adapterTypeName="Microsoft.VisualStudio.TestTools.TestTypes.Unit.UnitTestAdapter, Microsoft.VisualStudio.QualityTools.Tips.UnitTest.Adapter, Version=10.0.0.0, Culture=neutral, PublicKeyToken=b03f5f7f11d50a3a" className="TestesUnitarios.TestarMetodosDeDescriptografia, TestesUnitarios, Version=1.0.0.0, Culture=neutral, PublicKeyToken=null" name="TestarBase64" />
    </UnitTest>
    <UnitTest name="TestarDescriptografarLinksInteiros" storage="c:\p r o j e t o s\invertedor.com.br\invertedor.com.br\testesunitarios\bin\debug\testesunitarios.dll" id="96674a6b-8014-d7b8-1ab1-407c737ccd0c">
      <Execution id="b9cc3a00-ce35-415c-aae0-ea2a72bcacbe" />
      <TestMethod codeBase="C:/P R O J E T O S/invertedor.com.br/invertedor.com.br/TestesUnitarios/bin/Debug/TestesUnitarios.DLL" adapterTypeName="Microsoft.VisualStudio.TestTools.TestTypes.Unit.UnitTestAdapter, Microsoft.VisualStudio.QualityTools.Tips.UnitTest.Adapter, Version=10.0.0.0, Culture=neutral, PublicKeyToken=b03f5f7f11d50a3a" className="TestesUnitarios.TestarMetodosDeDescriptografia, TestesUnitarios, Version=1.0.0.0, Culture=neutral, PublicKeyToken=null" name="TestarDescriptografarLinksInteiros" />
    </UnitTest>
    <UnitTest name="TestarInverter" storage="c:\p r o j e t o s\invertedor.com.br\invertedor.com.br\testesunitarios\bin\debug\testesunitarios.dll" id="4dc1ce62-917e-9d70-f434-c4647c1c48e5">
      <Execution id="5f8f5ee0-61f9-4e37-bd4e-4874aed70739" />
      <TestMethod codeBase="C:/P R O J E T O S/invertedor.com.br/invertedor.com.br/TestesUnitarios/bin/Debug/TestesUnitarios.DLL" adapterTypeName="Microsoft.VisualStudio.TestTools.TestTypes.Unit.UnitTestAdapter, Microsoft.VisualStudio.QualityTools.Tips.UnitTest.Adapter, Version=10.0.0.0, Culture=neutral, PublicKeyToken=b03f5f7f11d50a3a" className="TestesUnitarios.TestarMetodosDeDescriptografia, TestesUnitarios, Version=1.0.0.0, Culture=neutral, PublicKeyToken=null" name="TestarInverter" />
    </UnitTest>
  </TestDefinitions>
  <TestLists>
    <TestList name="Results Not in a List" id="8c84fa94-04c1-424b-9868-57a2d4851a1d" />
    <TestList name="All Loaded Results" id="19431567-8539-422a-85d7-44ee4e166bda" />
  </TestLists>
  <TestEntries>
    <TestEntry testId="1b3374db-294c-b5f8-e364-7ef1b035e7ba" executionId="cc723af0-5d36-4171-ab8c-8320043eae3e" testListId="8c84fa94-04c1-424b-9868-57a2d4851a1d" />
    <TestEntry testId="4dc1ce62-917e-9d70-f434-c4647c1c48e5" executionId="5f8f5ee0-61f9-4e37-bd4e-4874aed70739" testListId="8c84fa94-04c1-424b-9868-57a2d4851a1d" />
    <TestEntry testId="572c31f2-b4ae-52e7-e468-b7d27e31da3e" executionId="13d9c020-970d-43c7-9de3-441090920a1e" testListId="8c84fa94-04c1-424b-9868-57a2d4851a1d" />
    <TestEntry testId="5a97860a-7eb3-7ea3-504e-39630befbc52" executionId="96df7123-0c86-42c3-b09a-b4c75656b4ff" testListId="8c84fa94-04c1-424b-9868-57a2d4851a1d" />
    <TestEntry testId="96674a6b-8014-d7b8-1ab1-407c737ccd0c" executionId="b9cc3a00-ce35-415c-aae0-ea2a72bcacbe" testListId="8c84fa94-04c1-424b-9868-57a2d4851a1d" />
    <TestEntry testId="b8969a91-c360-ae7e-673a-fbd6943cb852" executionId="fdc4325c-b735-43ac-85bd-066f96763710" testListId="8c84fa94-04c1-424b-9868-57a2d4851a1d" />
  </TestEntries>
  <Results>
    <UnitTestResult executionId="cc723af0-5d36-4171-ab8c-8320043eae3e" testId="1b3374db-294c-b5f8-e364-7ef1b035e7ba" testName="TestarHexa" computerName="HENRI-PC" duration="00:00:00.0523949" startTime="2011-09-11T14:39:59.8565027-03:00" endTime="2011-09-11T14:40:00.6595487-03:00" testType="13cdc9d9-ddb5-4fa4-a97d-d965ccfc6d4b" outcome="Passed" testListId="8c84fa94-04c1-424b-9868-57a2d4851a1d" relativeResultsDirectory="cc723af0-5d36-4171-ab8c-8320043eae3e">
    </UnitTestResult>
    <UnitTestResult executionId="5f8f5ee0-61f9-4e37-bd4e-4874aed70739" testId="4dc1ce62-917e-9d70-f434-c4647c1c48e5" testName="TestarInverter" computerName="HENRI-PC" duration="00:00:00.0007976" startTime="2011-09-11T14:40:00.6615488-03:00" endTime="2011-09-11T14:40:00.6845501-03:00" testType="13cdc9d9-ddb5-4fa4-a97d-d965ccfc6d4b" outcome="Passed" testListId="8c84fa94-04c1-424b-9868-57a2d4851a1d" relativeResultsDirectory="5f8f5ee0-61f9-4e37-bd4e-4874aed70739">
    </UnitTestResult>
    <UnitTestResult executionId="13d9c020-970d-43c7-9de3-441090920a1e" testId="572c31f2-b4ae-52e7-e468-b7d27e31da3e" testName="TestarParImparInvertido" computerName="HENRI-PC" duration="00:00:00.0029441" startTime="2011-09-11T14:40:00.6865502-03:00" endTime="2011-09-11T14:40:00.6975509-03:00" testType="13cdc9d9-ddb5-4fa4-a97d-d965ccfc6d4b" outcome="Passed" testListId="8c84fa94-04c1-424b-9868-57a2d4851a1d" relativeResultsDirectory="13d9c020-970d-43c7-9de3-441090920a1e">
    </UnitTestResult>
    <UnitTestResult executionId="96df7123-0c86-42c3-b09a-b4c75656b4ff" testId="5a97860a-7eb3-7ea3-504e-39630befbc52" testName="TestarBase64" computerName="HENRI-PC" duration="00:00:00.0054580" startTime="2011-09-11T14:40:00.6985509-03:00" endTime="2011-09-11T14:40:00.7255525-03:00" testType="13cdc9d9-ddb5-4fa4-a97d-d965ccfc6d4b" outcome="Passed" testListId="8c84fa94-04c1-424b-9868-57a2d4851a1d" relativeResultsDirectory="96df7123-0c86-42c3-b09a-b4c75656b4ff">
    </UnitTestResult>
    <UnitTestResult executionId="b9cc3a00-ce35-415c-aae0-ea2a72bcacbe" testId="96674a6b-8014-d7b8-1ab1-407c737ccd0c" testName="TestarDescriptografarLinksInteiros" computerName="HENRI-PC" duration="00:00:00.0704485" startTime="2011-09-11T14:40:00.7285526-03:00" endTime="2011-09-11T14:40:00.8225580-03:00" testType="13cdc9d9-ddb5-4fa4-a97d-d965ccfc6d4b" outcome="Failed" testListId="8c84fa94-04c1-424b-9868-57a2d4851a1d" relativeResultsDirectory="b9cc3a00-ce35-415c-aae0-ea2a72bcacbe">
      <Output>
        <ErrorInfo>
          <Message>Test method TestesUnitarios.TestarMetodosDeDescriptografia.TestarDescriptografarLinksInteiros threw exception: 
System.ArgumentOutOfRangeException: startIndex cannot be larger than length of string.
Parameter name: startIndex</Message>
          <StackTrace>    at System.String.InternalSubStringWithChecks(Int32 startIndex, Int32 length, Boolean fAlwaysCopy)
   at System.String.Substring(Int32 startIndex)
   at invertedor.com.br.Controllers.InverterController.MeioInvertido(String Texto) in C:\P R O J E T O S\invertedor.com.br\invertedor.com.br\invertedor.com.br\Controllers\InverterController.cs:line 143
   at invertedor.com.br.Controllers.InverterController.Descriptografar(String Texto) in C:\P R O J E T O S\invertedor.com.br\invertedor.com.br\invertedor.com.br\Controllers\InverterController.cs:line 213
   at TestesUnitarios.TestarMetodosDeDescriptografia.TestarDescriptografarLinksInteiros() in C:\P R O J E T O S\invertedor.com.br\invertedor.com.br\TestesUnitarios\TestarMetodosDeDescriptografia.cs:line 128
</StackTrace>
        </ErrorInfo>
      </Output>
    </UnitTestResult>
    <UnitTestResult executionId="fdc4325c-b735-43ac-85bd-066f96763710" testId="b8969a91-c360-ae7e-673a-fbd6943cb852" testName="TestarMeioInvertido" computerName="HENRI-PC" duration="00:00:00.0005409" startTime="2011-09-11T14:40:00.8245581-03:00" endTime="2011-09-11T14:40:00.8405590-03:00" testType="13cdc9d9-ddb5-4fa4-a97d-d965ccfc6d4b" outcome="Passed" testListId="8c84fa94-04c1-424b-9868-57a2d4851a1d" relativeResultsDirectory="fdc4325c-b735-43ac-85bd-066f96763710">
    </UnitTestResult>
  </Results>
</TestRun>