<?xml version="1.0" encoding="UTF-8"?>
<TestRun id="42d3e825-4d1d-4b23-a4e0-abd2f9a4e84f" name="henri@HENRI-PC 2011-09-11 10:38:20" runUser="henri-PC\henri" xmlns="http://microsoft.com/schemas/VisualStudio/TeamTest/2010">
  <TestSettings name="Local" id="ee264f6e-f394-4bfe-ab1f-e6bcb46f86ba">
    <Description>These are default test settings for a local test run.</Description>
    <Deployment enabled="false" runDeploymentRoot="henri_HENRI-PC 2011-09-11 10_38_20">
      <DeploymentItem filename="C:\P R O J E T O S\invertedor.com.br\invertedor.com.br\invertedor.com.br\bin\invertedor.com.br.dll" />
    </Deployment>
    <Execution>
      <TestTypeSpecific />
      <AgentRule name="Execution Agents">
      </AgentRule>
    </Execution>
  </TestSettings>
  <Times creation="2011-09-11T10:38:20.5771914-03:00" queuing="2011-09-11T10:38:21.4632421-03:00" start="2011-09-11T10:38:21.6752542-03:00" finish="2011-09-11T10:38:22.6433096-03:00" />
  <ResultSummary outcome="Completed">
    <Counters total="5" executed="5" passed="5" error="0" failed="0" timeout="0" aborted="0" inconclusive="0" passedButRunAborted="0" notRunnable="0" notExecuted="0" disconnected="0" warning="0" completed="0" inProgress="0" pending="0" />
  </ResultSummary>
  <TestDefinitions>
    <UnitTest name="TestarParImparInvertido" storage="c:\p r o j e t o s\invertedor.com.br\invertedor.com.br\testesunitarios\bin\debug\testesunitarios.dll" id="572c31f2-b4ae-52e7-e468-b7d27e31da3e">
      <Execution id="8e81d51b-526a-48eb-b555-43c482eebb16" />
      <TestMethod codeBase="C:/P R O J E T O S/invertedor.com.br/invertedor.com.br/TestesUnitarios/bin/Debug/TestesUnitarios.DLL" adapterTypeName="Microsoft.VisualStudio.TestTools.TestTypes.Unit.UnitTestAdapter, Microsoft.VisualStudio.QualityTools.Tips.UnitTest.Adapter, Version=10.0.0.0, Culture=neutral, PublicKeyToken=b03f5f7f11d50a3a" className="TestesUnitarios.TestarMetodosDeDescriptografia, TestesUnitarios, Version=1.0.0.0, Culture=neutral, PublicKeyToken=null" name="TestarParImparInvertido" />
    </UnitTest>
    <UnitTest name="TestarInverter" storage="c:\p r o j e t o s\invertedor.com.br\invertedor.com.br\testesunitarios\bin\debug\testesunitarios.dll" id="4dc1ce62-917e-9d70-f434-c4647c1c48e5">
      <Execution id="b6c0a9df-5fe8-4412-9a9b-3caebbddf0ad" />
      <TestMethod codeBase="C:/P R O J E T O S/invertedor.com.br/invertedor.com.br/TestesUnitarios/bin/Debug/TestesUnitarios.DLL" adapterTypeName="Microsoft.VisualStudio.TestTools.TestTypes.Unit.UnitTestAdapter, Microsoft.VisualStudio.QualityTools.Tips.UnitTest.Adapter, Version=10.0.0.0, Culture=neutral, PublicKeyToken=b03f5f7f11d50a3a" className="TestesUnitarios.TestarMetodosDeDescriptografia, TestesUnitarios, Version=1.0.0.0, Culture=neutral, PublicKeyToken=null" name="TestarInverter" />
    </UnitTest>
    <UnitTest name="TestarDescriptografarLinksInteiros" storage="c:\p r o j e t o s\invertedor.com.br\invertedor.com.br\testesunitarios\bin\debug\testesunitarios.dll" id="96674a6b-8014-d7b8-1ab1-407c737ccd0c">
      <Execution id="f910fd1b-5fb5-49d9-86b1-f086385cafeb" />
      <TestMethod codeBase="C:/P R O J E T O S/invertedor.com.br/invertedor.com.br/TestesUnitarios/bin/Debug/TestesUnitarios.DLL" adapterTypeName="Microsoft.VisualStudio.TestTools.TestTypes.Unit.UnitTestAdapter, Microsoft.VisualStudio.QualityTools.Tips.UnitTest.Adapter, Version=10.0.0.0, Culture=neutral, PublicKeyToken=b03f5f7f11d50a3a" className="TestesUnitarios.TestarMetodosDeDescriptografia, TestesUnitarios, Version=1.0.0.0, Culture=neutral, PublicKeyToken=null" name="TestarDescriptografarLinksInteiros" />
    </UnitTest>
    <UnitTest name="TestarHexa" storage="c:\p r o j e t o s\invertedor.com.br\invertedor.com.br\testesunitarios\bin\debug\testesunitarios.dll" id="1b3374db-294c-b5f8-e364-7ef1b035e7ba">
      <Execution id="30f42796-ea05-4d2a-98cc-042217704c12" />
      <TestMethod codeBase="C:/P R O J E T O S/invertedor.com.br/invertedor.com.br/TestesUnitarios/bin/Debug/TestesUnitarios.DLL" adapterTypeName="Microsoft.VisualStudio.TestTools.TestTypes.Unit.UnitTestAdapter, Microsoft.VisualStudio.QualityTools.Tips.UnitTest.Adapter, Version=10.0.0.0, Culture=neutral, PublicKeyToken=b03f5f7f11d50a3a" className="TestesUnitarios.TestarMetodosDeDescriptografia, TestesUnitarios, Version=1.0.0.0, Culture=neutral, PublicKeyToken=null" name="TestarHexa" />
    </UnitTest>
    <UnitTest name="TestarBase64" storage="c:\p r o j e t o s\invertedor.com.br\invertedor.com.br\testesunitarios\bin\debug\testesunitarios.dll" id="5a97860a-7eb3-7ea3-504e-39630befbc52">
      <Execution id="29253f21-08b0-4448-9ed4-b92f76c31f64" />
      <TestMethod codeBase="C:/P R O J E T O S/invertedor.com.br/invertedor.com.br/TestesUnitarios/bin/Debug/TestesUnitarios.DLL" adapterTypeName="Microsoft.VisualStudio.TestTools.TestTypes.Unit.UnitTestAdapter, Microsoft.VisualStudio.QualityTools.Tips.UnitTest.Adapter, Version=10.0.0.0, Culture=neutral, PublicKeyToken=b03f5f7f11d50a3a" className="TestesUnitarios.TestarMetodosDeDescriptografia, TestesUnitarios, Version=1.0.0.0, Culture=neutral, PublicKeyToken=null" name="TestarBase64" />
    </UnitTest>
  </TestDefinitions>
  <TestLists>
    <TestList name="Results Not in a List" id="8c84fa94-04c1-424b-9868-57a2d4851a1d" />
    <TestList name="All Loaded Results" id="19431567-8539-422a-85d7-44ee4e166bda" />
  </TestLists>
  <TestEntries>
    <TestEntry testId="1b3374db-294c-b5f8-e364-7ef1b035e7ba" executionId="30f42796-ea05-4d2a-98cc-042217704c12" testListId="8c84fa94-04c1-424b-9868-57a2d4851a1d" />
    <TestEntry testId="4dc1ce62-917e-9d70-f434-c4647c1c48e5" executionId="b6c0a9df-5fe8-4412-9a9b-3caebbddf0ad" testListId="8c84fa94-04c1-424b-9868-57a2d4851a1d" />
    <TestEntry testId="572c31f2-b4ae-52e7-e468-b7d27e31da3e" executionId="8e81d51b-526a-48eb-b555-43c482eebb16" testListId="8c84fa94-04c1-424b-9868-57a2d4851a1d" />
    <TestEntry testId="5a97860a-7eb3-7ea3-504e-39630befbc52" executionId="29253f21-08b0-4448-9ed4-b92f76c31f64" testListId="8c84fa94-04c1-424b-9868-57a2d4851a1d" />
    <TestEntry testId="96674a6b-8014-d7b8-1ab1-407c737ccd0c" executionId="f910fd1b-5fb5-49d9-86b1-f086385cafeb" testListId="8c84fa94-04c1-424b-9868-57a2d4851a1d" />
  </TestEntries>
  <Results>
    <UnitTestResult executionId="30f42796-ea05-4d2a-98cc-042217704c12" testId="1b3374db-294c-b5f8-e364-7ef1b035e7ba" testName="TestarHexa" computerName="HENRI-PC" duration="00:00:00.0482276" startTime="2011-09-11T10:38:21.6752542-03:00" endTime="2011-09-11T10:38:22.4823004-03:00" testType="13cdc9d9-ddb5-4fa4-a97d-d965ccfc6d4b" outcome="Passed" testListId="8c84fa94-04c1-424b-9868-57a2d4851a1d" relativeResultsDirectory="30f42796-ea05-4d2a-98cc-042217704c12">
    </UnitTestResult>
    <UnitTestResult executionId="b6c0a9df-5fe8-4412-9a9b-3caebbddf0ad" testId="4dc1ce62-917e-9d70-f434-c4647c1c48e5" testName="TestarInverter" computerName="HENRI-PC" duration="00:00:00.0008735" startTime="2011-09-11T10:38:22.4863006-03:00" endTime="2011-09-11T10:38:22.5093019-03:00" testType="13cdc9d9-ddb5-4fa4-a97d-d965ccfc6d4b" outcome="Passed" testListId="8c84fa94-04c1-424b-9868-57a2d4851a1d" relativeResultsDirectory="b6c0a9df-5fe8-4412-9a9b-3caebbddf0ad">
    </UnitTestResult>
    <UnitTestResult executionId="8e81d51b-526a-48eb-b555-43c482eebb16" testId="572c31f2-b4ae-52e7-e468-b7d27e31da3e" testName="TestarParImparInvertido" computerName="HENRI-PC" duration="00:00:00.0017702" startTime="2011-09-11T10:38:22.5113020-03:00" endTime="2011-09-11T10:38:22.5293031-03:00" testType="13cdc9d9-ddb5-4fa4-a97d-d965ccfc6d4b" outcome="Passed" testListId="8c84fa94-04c1-424b-9868-57a2d4851a1d" relativeResultsDirectory="8e81d51b-526a-48eb-b555-43c482eebb16">
    </UnitTestResult>
    <UnitTestResult executionId="29253f21-08b0-4448-9ed4-b92f76c31f64" testId="5a97860a-7eb3-7ea3-504e-39630befbc52" testName="TestarBase64" computerName="HENRI-PC" duration="00:00:00.0010722" startTime="2011-09-11T10:38:22.5313032-03:00" endTime="2011-09-11T10:38:22.5443039-03:00" testType="13cdc9d9-ddb5-4fa4-a97d-d965ccfc6d4b" outcome="Passed" testListId="8c84fa94-04c1-424b-9868-57a2d4851a1d" relativeResultsDirectory="29253f21-08b0-4448-9ed4-b92f76c31f64">
    </UnitTestResult>
    <UnitTestResult executionId="f910fd1b-5fb5-49d9-86b1-f086385cafeb" testId="96674a6b-8014-d7b8-1ab1-407c737ccd0c" testName="TestarDescriptografarLinksInteiros" computerName="HENRI-PC" duration="00:00:00.0406492" startTime="2011-09-11T10:38:22.5473041-03:00" endTime="2011-09-11T10:38:22.5973069-03:00" testType="13cdc9d9-ddb5-4fa4-a97d-d965ccfc6d4b" outcome="Passed" testListId="8c84fa94-04c1-424b-9868-57a2d4851a1d" relativeResultsDirectory="f910fd1b-5fb5-49d9-86b1-f086385cafeb">
    </UnitTestResult>
  </Results>
</TestRun>